[Android_pixel_5 INFO ] 2022-10-25 10:59:47.012 ServerManager:20 - starting appium server
[Android_pixel_5 INFO ] 2022-10-25 10:59:49.984 ServerManager:29 - Appium server started
[Android_pixel_5 INFO ] 2022-10-25 10:59:49.985 DriverManager:28 - initializing Appium driver
[Android_pixel_5 INFO ] 2022-10-25 10:59:49.986 CapabilitiesManager:18 - getting capabilities
[Android_pixel_5 INFO ] 2022-10-25 10:59:49.986 CapabilitiesManager:34 - appUrl isC:\Users\david.velezs\Documents\PerfCursos\appium\APPIUM_CUCUMBER\appium-cucumberbdd-testng-master\src\test\resources\apps\Android.SauceLabs.Mobile.Sample.app.2.2.1.apk
[Android_pixel_5 INFO ] 2022-10-25 11:00:00.234 DriverManager:40 - Driver is initialized
[Android_pixel_5 INFO ] 2022-10-25 11:00:02.957 BasePage:71 - login with invalidUsername
[Android_pixel_5 INFO ] 2022-10-25 11:00:04.339 BasePage:71 - password is secret_sauce
[Android_pixel_5 INFO ] 2022-10-25 11:00:05.507 BasePage:54 - press login button
[Android_pixel_5 INFO ] 2022-10-25 11:00:07.812 BasePage:97 - error text is - Username and password do not match any user in this service.
[Android_pixel_5 INFO ] 2022-10-25 11:00:09.195 VideoManager:35 - video path: Android_pixel_5\Videos\Login with invalid user name.mp4
[Android_pixel_5 INFO ] 2022-10-25 11:00:11.033 BasePage:71 - login with standard_user
[Android_pixel_5 INFO ] 2022-10-25 11:00:13.186 BasePage:71 - password is invalidPassword
[Android_pixel_5 INFO ] 2022-10-25 11:00:14.807 BasePage:54 - press login button
[Android_pixel_5 INFO ] 2022-10-25 11:00:16.182 BasePage:97 - error text is - Username and password do not match any user in this service.
[Android_pixel_5 INFO ] 2022-10-25 11:00:17.342 VideoManager:35 - video path: Android_pixel_5\Videos\Login with invalid password.mp4
[Android_pixel_5 INFO ] 2022-10-25 11:00:19.127 BasePage:71 - login with standard_user
[Android_pixel_5 INFO ] 2022-10-25 11:00:20.934 BasePage:71 - password is secret_sauce
[Android_pixel_5 INFO ] 2022-10-25 11:00:21.769 BasePage:54 - press login button
[Android_pixel_5 INFO ] 2022-10-25 11:00:23.861 BasePage:97 - product page title is - PRODUCTS
[Android_pixel_5 INFO ] 2022-10-25 11:00:25.172 VideoManager:35 - video path: Android_pixel_5\Videos\Login with valid user name and password.mp4
