[Android_pixel_c INFO ] 2022-10-25 10:59:49.821 ServerManager:29 - Appium server started
[Android_pixel_c INFO ] 2022-10-25 10:59:49.861 DriverManager:28 - initializing Appium driver
[Android_pixel_c INFO ] 2022-10-25 10:59:49.882 PropertyManager:17 - loading config properties
[Android_pixel_c INFO ] 2022-10-25 10:59:49.883 CapabilitiesManager:18 - getting capabilities
[Android_pixel_c INFO ] 2022-10-25 10:59:49.901 CapabilitiesManager:34 - appUrl isC:\Users\david.velezs\Documents\PerfCursos\appium\APPIUM_CUCUMBER\appium-cucumberbdd-testng-master\src\test\resources\apps\Android.SauceLabs.Mobile.Sample.app.2.2.1.apk
[Android_pixel_c INFO ] 2022-10-25 11:00:00.258 DriverManager:40 - Driver is initialized
[Android_pixel_c INFO ] 2022-10-25 11:00:02.968 BasePage:71 - login with invalidUsername
[Android_pixel_c INFO ] 2022-10-25 11:00:04.456 BasePage:71 - password is secret_sauce
[Android_pixel_c INFO ] 2022-10-25 11:00:06.056 BasePage:54 - press login button
[Android_pixel_c INFO ] 2022-10-25 11:00:07.960 BasePage:97 - error text is - Username and password do not match any user in this service.
[Android_pixel_c INFO ] 2022-10-25 11:00:09.232 VideoManager:35 - video path: Android_pixel_c\Videos\Login with invalid user name.mp4
[Android_pixel_c INFO ] 2022-10-25 11:00:11.089 BasePage:71 - login with standard_user
[Android_pixel_c INFO ] 2022-10-25 11:00:13.113 BasePage:71 - password is invalidPassword
[Android_pixel_c INFO ] 2022-10-25 11:00:14.841 BasePage:54 - press login button
[Android_pixel_c INFO ] 2022-10-25 11:00:16.179 BasePage:97 - error text is - Username and password do not match any user in this service.
[Android_pixel_c INFO ] 2022-10-25 11:00:17.850 VideoManager:35 - video path: Android_pixel_c\Videos\Login with invalid password.mp4
[Android_pixel_c INFO ] 2022-10-25 11:00:19.603 BasePage:71 - login with standard_user
[Android_pixel_c INFO ] 2022-10-25 11:00:21.796 BasePage:71 - password is secret_sauce
[Android_pixel_c INFO ] 2022-10-25 11:00:22.834 BasePage:54 - press login button
[Android_pixel_c INFO ] 2022-10-25 11:00:25.266 BasePage:97 - product page title is - PRODUCTS
[Android_pixel_c INFO ] 2022-10-25 11:00:27.503 VideoManager:35 - video path: Android_pixel_c\Videos\Login with valid user name and password.mp4
